mode: atomic
github.com/kushal-sharma-works/aevum-platform/services/query-audit/internal/api/router.go:12.205,19.45 3 0
github.com/kushal-sharma-works/aevum-platform/services/query-audit/internal/api/router.go:19.45,21.3 1 0
github.com/kushal-sharma-works/aevum-platform/services/query-audit/internal/api/router.go:24.2,38.15 10 0
github.com/kushal-sharma-works/aevum-platform/services/query-audit/internal/api/router.go:47.61,49.2 1 0
github.com/kushal-sharma-works/aevum-platform/services/query-audit/internal/api/router.go:52.49,54.2 1 0
github.com/kushal-sharma-works/aevum-platform/services/query-audit/internal/api/router.go:62.67,64.2 1 0
github.com/kushal-sharma-works/aevum-platform/services/query-audit/internal/api/router.go:67.51,69.2 1 0
github.com/kushal-sharma-works/aevum-platform/services/query-audit/internal/api/router.go:77.76,79.2 1 0
github.com/kushal-sharma-works/aevum-platform/services/query-audit/internal/api/router.go:82.54,84.2 1 0
github.com/kushal-sharma-works/aevum-platform/services/query-audit/internal/api/router.go:92.61,94.2 1 0
github.com/kushal-sharma-works/aevum-platform/services/query-audit/internal/api/router.go:97.47,99.2 1 0
github.com/kushal-sharma-works/aevum-platform/services/query-audit/internal/api/router.go:107.66,109.2 1 0
github.com/kushal-sharma-works/aevum-platform/services/query-audit/internal/api/router.go:112.48,114.2 1 0
github.com/kushal-sharma-works/aevum-platform/services/query-audit/internal/api/router.go:120.36,122.2 1 0
github.com/kushal-sharma-works/aevum-platform/services/query-audit/internal/api/router.go:125.47,127.2 1 0
github.com/kushal-sharma-works/aevum-platform/services/query-audit/internal/api/router.go:133.42,135.2 1 0
github.com/kushal-sharma-works/aevum-platform/services/query-audit/internal/api/router.go:138.50,143.2 1 0
github.com/kushal-sharma-works/aevum-platform/services/query-audit/cmd/server/main.go:23.13,33.16 5 0
github.com/kushal-sharma-works/aevum-platform/services/query-audit/cmd/server/main.go:33.16,36.3 2 0
github.com/kushal-sharma-works/aevum-platform/services/query-audit/cmd/server/main.go:39.2,40.45 2 0
github.com/kushal-sharma-works/aevum-platform/services/query-audit/cmd/server/main.go:40.45,44.3 3 0
github.com/kushal-sharma-works/aevum-platform/services/query-audit/cmd/server/main.go:45.2,50.56 4 0
github.com/kushal-sharma-works/aevum-platform/services/query-audit/cmd/server/main.go:50.56,54.3 3 0
github.com/kushal-sharma-works/aevum-platform/services/query-audit/cmd/server/main.go:55.2,76.114 13 0
github.com/kushal-sharma-works/aevum-platform/services/query-audit/cmd/server/main.go:76.114,78.79 2 0
github.com/kushal-sharma-works/aevum-platform/services/query-audit/cmd/server/main.go:78.79,80.4 1 0
github.com/kushal-sharma-works/aevum-platform/services/query-audit/cmd/server/main.go:81.3,81.21 1 0
github.com/kushal-sharma-works/aevum-platform/services/query-audit/cmd/server/main.go:85.2,103.12 8 0
github.com/kushal-sharma-works/aevum-platform/services/query-audit/cmd/server/main.go:103.12,105.80 2 0
github.com/kushal-sharma-works/aevum-platform/services/query-audit/cmd/server/main.go:105.80,107.4 1 0
github.com/kushal-sharma-works/aevum-platform/services/query-audit/cmd/server/main.go:111.2,121.45 7 0
github.com/kushal-sharma-works/aevum-platform/services/query-audit/cmd/server/main.go:121.45,123.3 1 0
github.com/kushal-sharma-works/aevum-platform/services/query-audit/cmd/server/main.go:125.2,125.32 1 0
github.com/kushal-sharma-works/aevum-platform/services/query-audit/internal/api/handlers/search_handler.go:18.61,20.2 1 0
github.com/kushal-sharma-works/aevum-platform/services/query-audit/internal/api/handlers/search_handler.go:23.49,31.17 7 0
github.com/kushal-sharma-works/aevum-platform/services/query-audit/internal/api/handlers/search_handler.go:31.17,33.3 1 0
github.com/kushal-sharma-works/aevum-platform/services/query-audit/internal/api/handlers/search_handler.go:34.2,35.21 2 0
github.com/kushal-sharma-works/aevum-platform/services/query-audit/internal/api/handlers/search_handler.go:35.21,37.3 1 0
github.com/kushal-sharma-works/aevum-platform/services/query-audit/internal/api/handlers/search_handler.go:39.2,49.16 4 0
github.com/kushal-sharma-works/aevum-platform/services/query-audit/internal/api/handlers/search_handler.go:49.16,50.50 1 0
github.com/kushal-sharma-works/aevum-platform/services/query-audit/internal/api/handlers/search_handler.go:50.50,53.4 2 0
github.com/kushal-sharma-works/aevum-platform/services/query-audit/internal/api/handlers/search_handler.go:54.3,55.9 2 0
github.com/kushal-sharma-works/aevum-platform/services/query-audit/internal/api/handlers/search_handler.go:58.2,58.32 1 0
github.com/kushal-sharma-works/aevum-platform/services/query-audit/internal/api/handlers/temporal_handler.go:19.67,21.2 1 0
github.com/kushal-sharma-works/aevum-platform/services/query-audit/internal/api/handlers/temporal_handler.go:24.51,36.17 10 0
github.com/kushal-sharma-works/aevum-platform/services/query-audit/internal/api/handlers/temporal_handler.go:36.17,38.3 1 0
github.com/kushal-sharma-works/aevum-platform/services/query-audit/internal/api/handlers/temporal_handler.go:39.2,40.21 2 0
github.com/kushal-sharma-works/aevum-platform/services/query-audit/internal/api/handlers/temporal_handler.go:40.21,42.3 1 0
github.com/kushal-sharma-works/aevum-platform/services/query-audit/internal/api/handlers/temporal_handler.go:44.2,54.16 3 0
github.com/kushal-sharma-works/aevum-platform/services/query-audit/internal/api/handlers/temporal_handler.go:54.16,57.3 2 0
github.com/kushal-sharma-works/aevum-platform/services/query-audit/internal/api/handlers/temporal_handler.go:59.2,59.32 1 0
github.com/kushal-sharma-works/aevum-platform/services/query-audit/internal/api/handlers/temporal_handler.go:68.76,70.2 1 0
github.com/kushal-sharma-works/aevum-platform/services/query-audit/internal/api/handlers/temporal_handler.go:73.54,84.17 10 0
github.com/kushal-sharma-works/aevum-platform/services/query-audit/internal/api/handlers/temporal_handler.go:84.17,86.3 1 0
github.com/kushal-sharma-works/aevum-platform/services/query-audit/internal/api/handlers/temporal_handler.go:87.2,88.21 2 0
github.com/kushal-sharma-works/aevum-platform/services/query-audit/internal/api/handlers/temporal_handler.go:88.21,90.3 1 0
github.com/kushal-sharma-works/aevum-platform/services/query-audit/internal/api/handlers/temporal_handler.go:92.2,104.16 3 0
github.com/kushal-sharma-works/aevum-platform/services/query-audit/internal/api/handlers/temporal_handler.go:104.16,105.50 1 0
github.com/kushal-sharma-works/aevum-platform/services/query-audit/internal/api/handlers/temporal_handler.go:105.50,108.4 2 0
github.com/kushal-sharma-works/aevum-platform/services/query-audit/internal/api/handlers/temporal_handler.go:109.3,110.9 2 0
github.com/kushal-sharma-works/aevum-platform/services/query-audit/internal/api/handlers/temporal_handler.go:113.2,113.32 1 0
github.com/kushal-sharma-works/aevum-platform/services/query-audit/internal/api/handlers/temporal_handler.go:122.56,124.2 1 0
github.com/kushal-sharma-works/aevum-platform/services/query-audit/internal/api/handlers/temporal_handler.go:127.47,146.16 10 0
github.com/kushal-sharma-works/aevum-platform/services/query-audit/internal/api/handlers/temporal_handler.go:146.16,149.3 2 0
github.com/kushal-sharma-works/aevum-platform/services/query-audit/internal/api/handlers/temporal_handler.go:151.2,151.31 1 0
github.com/kushal-sharma-works/aevum-platform/services/query-audit/internal/api/handlers/temporal_handler.go:160.60,162.2 1 0
github.com/kushal-sharma-works/aevum-platform/services/query-audit/internal/api/handlers/temporal_handler.go:165.48,169.16 3 0
github.com/kushal-sharma-works/aevum-platform/services/query-audit/internal/api/handlers/temporal_handler.go:169.16,172.3 2 0
github.com/kushal-sharma-works/aevum-platform/services/query-audit/internal/api/handlers/temporal_handler.go:174.2,174.30 1 0
github.com/kushal-sharma-works/aevum-platform/services/query-audit/internal/clients/event_timeline_client.go:19.66,26.2 1 0
github.com/kushal-sharma-works/aevum-platform/services/query-audit/internal/clients/event_timeline_client.go:29.130,31.18 2 0
github.com/kushal-sharma-works/aevum-platform/services/query-audit/internal/clients/event_timeline_client.go:31.18,33.3 1 0
github.com/kushal-sharma-works/aevum-platform/services/query-audit/internal/clients/event_timeline_client.go:35.2,36.16 2 0
github.com/kushal-sharma-works/aevum-platform/services/query-audit/internal/clients/event_timeline_client.go:36.16,38.3 1 0
github.com/kushal-sharma-works/aevum-platform/services/query-audit/internal/clients/event_timeline_client.go:40.2,41.16 2 0
github.com/kushal-sharma-works/aevum-platform/services/query-audit/internal/clients/event_timeline_client.go:41.16,43.3 1 0
github.com/kushal-sharma-works/aevum-platform/services/query-audit/internal/clients/event_timeline_client.go:44.2,46.38 2 0
github.com/kushal-sharma-works/aevum-platform/services/query-audit/internal/clients/event_timeline_client.go:46.38,48.3 1 0
github.com/kushal-sharma-works/aevum-platform/services/query-audit/internal/clients/event_timeline_client.go:50.2,51.16 2 0
github.com/kushal-sharma-works/aevum-platform/services/query-audit/internal/clients/event_timeline_client.go:51.16,53.3 1 0
github.com/kushal-sharma-works/aevum-platform/services/query-audit/internal/clients/event_timeline_client.go:55.2,56.54 2 0
github.com/kushal-sharma-works/aevum-platform/services/query-audit/internal/clients/event_timeline_client.go:56.54,58.3 1 0
github.com/kushal-sharma-works/aevum-platform/services/query-audit/internal/clients/event_timeline_client.go:60.2,61.52 2 0
github.com/kushal-sharma-works/aevum-platform/services/query-audit/internal/clients/event_timeline_client.go:61.52,62.26 1 0
github.com/kushal-sharma-works/aevum-platform/services/query-audit/internal/clients/event_timeline_client.go:62.26,63.51 1 0
github.com/kushal-sharma-works/aevum-platform/services/query-audit/internal/clients/event_timeline_client.go:63.51,65.5 1 0
github.com/kushal-sharma-works/aevum-platform/services/query-audit/internal/clients/event_timeline_client.go:69.2,70.61 2 0
github.com/kushal-sharma-works/aevum-platform/services/query-audit/internal/clients/event_timeline_client.go:70.61,71.49 1 0
github.com/kushal-sharma-works/aevum-platform/services/query-audit/internal/clients/event_timeline_client.go:71.49,73.4 1 0
github.com/kushal-sharma-works/aevum-platform/services/query-audit/internal/clients/event_timeline_client.go:76.2,76.31 1 0
github.com/kushal-sharma-works/aevum-platform/services/query-audit/internal/clients/event_timeline_client.go:80.110,84.16 3 0
github.com/kushal-sharma-works/aevum-platform/services/query-audit/internal/clients/event_timeline_client.go:84.16,86.3 1 0
github.com/kushal-sharma-works/aevum-platform/services/query-audit/internal/clients/event_timeline_client.go:88.2,89.16 2 0
github.com/kushal-sharma-works/aevum-platform/services/query-audit/internal/clients/event_timeline_client.go:89.16,91.3 1 0
github.com/kushal-sharma-works/aevum-platform/services/query-audit/internal/clients/event_timeline_client.go:92.2,94.38 2 0
github.com/kushal-sharma-works/aevum-platform/services/query-audit/internal/clients/event_timeline_client.go:94.38,96.3 1 0
github.com/kushal-sharma-works/aevum-platform/services/query-audit/internal/clients/event_timeline_client.go:98.2,99.16 2 0
github.com/kushal-sharma-works/aevum-platform/services/query-audit/internal/clients/event_timeline_client.go:99.16,101.3 1 0
github.com/kushal-sharma-works/aevum-platform/services/query-audit/internal/clients/event_timeline_client.go:103.2,104.54 2 0
github.com/kushal-sharma-works/aevum-platform/services/query-audit/internal/clients/event_timeline_client.go:104.54,106.3 1 0
github.com/kushal-sharma-works/aevum-platform/services/query-audit/internal/clients/event_timeline_client.go:108.2,108.61 1 0
github.com/kushal-sharma-works/aevum-platform/services/query-audit/internal/clients/event_timeline_client.go:108.61,110.3 1 0
github.com/kushal-sharma-works/aevum-platform/services/query-audit/internal/clients/event_timeline_client.go:112.2,112.47 1 0
github.com/kushal-sharma-works/aevum-platform/services/query-audit/internal/clients/event_timeline_client.go:122.68,129.2 1 0
github.com/kushal-sharma-works/aevum-platform/services/query-audit/internal/clients/event_timeline_client.go:132.120,136.16 3 0
github.com/kushal-sharma-works/aevum-platform/services/query-audit/internal/clients/event_timeline_client.go:136.16,138.3 1 0
github.com/kushal-sharma-works/aevum-platform/services/query-audit/internal/clients/event_timeline_client.go:140.2,141.16 2 0
github.com/kushal-sharma-works/aevum-platform/services/query-audit/internal/clients/event_timeline_client.go:141.16,143.3 1 0
github.com/kushal-sharma-works/aevum-platform/services/query-audit/internal/clients/event_timeline_client.go:144.2,146.38 2 0
github.com/kushal-sharma-works/aevum-platform/services/query-audit/internal/clients/event_timeline_client.go:146.38,148.3 1 0
github.com/kushal-sharma-works/aevum-platform/services/query-audit/internal/clients/event_timeline_client.go:150.2,151.16 2 0
github.com/kushal-sharma-works/aevum-platform/services/query-audit/internal/clients/event_timeline_client.go:151.16,153.3 1 0
github.com/kushal-sharma-works/aevum-platform/services/query-audit/internal/clients/event_timeline_client.go:155.2,156.54 2 0
github.com/kushal-sharma-works/aevum-platform/services/query-audit/internal/clients/event_timeline_client.go:156.54,158.3 1 0
github.com/kushal-sharma-works/aevum-platform/services/query-audit/internal/clients/event_timeline_client.go:160.2,161.52 2 0
github.com/kushal-sharma-works/aevum-platform/services/query-audit/internal/clients/event_timeline_client.go:161.52,162.26 1 0
github.com/kushal-sharma-works/aevum-platform/services/query-audit/internal/clients/event_timeline_client.go:162.26,163.54 1 0
github.com/kushal-sharma-works/aevum-platform/services/query-audit/internal/clients/event_timeline_client.go:163.54,165.5 1 0
github.com/kushal-sharma-works/aevum-platform/services/query-audit/internal/clients/event_timeline_client.go:169.2,169.23 1 0
github.com/kushal-sharma-works/aevum-platform/services/query-audit/internal/clients/event_timeline_client.go:173.117,177.16 3 0
github.com/kushal-sharma-works/aevum-platform/services/query-audit/internal/clients/event_timeline_client.go:177.16,179.3 1 0
github.com/kushal-sharma-works/aevum-platform/services/query-audit/internal/clients/event_timeline_client.go:181.2,182.16 2 0
github.com/kushal-sharma-works/aevum-platform/services/query-audit/internal/clients/event_timeline_client.go:182.16,184.3 1 0
github.com/kushal-sharma-works/aevum-platform/services/query-audit/internal/clients/event_timeline_client.go:185.2,187.38 2 0
github.com/kushal-sharma-works/aevum-platform/services/query-audit/internal/clients/event_timeline_client.go:187.38,189.3 1 0
github.com/kushal-sharma-works/aevum-platform/services/query-audit/internal/clients/event_timeline_client.go:191.2,192.16 2 0
github.com/kushal-sharma-works/aevum-platform/services/query-audit/internal/clients/event_timeline_client.go:192.16,194.3 1 0
github.com/kushal-sharma-works/aevum-platform/services/query-audit/internal/clients/event_timeline_client.go:196.2,197.54 2 0
github.com/kushal-sharma-works/aevum-platform/services/query-audit/internal/clients/event_timeline_client.go:197.54,199.3 1 0
github.com/kushal-sharma-works/aevum-platform/services/query-audit/internal/clients/event_timeline_client.go:201.2,201.61 1 0
github.com/kushal-sharma-works/aevum-platform/services/query-audit/internal/clients/event_timeline_client.go:201.61,203.3 1 0
github.com/kushal-sharma-works/aevum-platform/services/query-audit/internal/clients/event_timeline_client.go:205.2,205.47 1 0
github.com/kushal-sharma-works/aevum-platform/services/query-audit/internal/clients/event_timeline_client.go:209.94,213.16 3 0
github.com/kushal-sharma-works/aevum-platform/services/query-audit/internal/clients/event_timeline_client.go:213.16,215.3 1 0
github.com/kushal-sharma-works/aevum-platform/services/query-audit/internal/clients/event_timeline_client.go:217.2,218.16 2 0
github.com/kushal-sharma-works/aevum-platform/services/query-audit/internal/clients/event_timeline_client.go:218.16,220.3 1 0
github.com/kushal-sharma-works/aevum-platform/services/query-audit/internal/clients/event_timeline_client.go:221.2,223.38 2 0
github.com/kushal-sharma-works/aevum-platform/services/query-audit/internal/clients/event_timeline_client.go:223.38,225.3 1 0
github.com/kushal-sharma-works/aevum-platform/services/query-audit/internal/clients/event_timeline_client.go:227.2,228.16 2 0
github.com/kushal-sharma-works/aevum-platform/services/query-audit/internal/clients/event_timeline_client.go:228.16,230.3 1 0
github.com/kushal-sharma-works/aevum-platform/services/query-audit/internal/clients/event_timeline_client.go:232.2,233.54 2 0
github.com/kushal-sharma-works/aevum-platform/services/query-audit/internal/clients/event_timeline_client.go:233.54,235.3 1 0
github.com/kushal-sharma-works/aevum-platform/services/query-audit/internal/clients/event_timeline_client.go:237.2,237.61 1 0
github.com/kushal-sharma-works/aevum-platform/services/query-audit/internal/clients/event_timeline_client.go:237.61,239.3 1 0
github.com/kushal-sharma-works/aevum-platform/services/query-audit/internal/clients/event_timeline_client.go:241.2,241.42 1 0
github.com/kushal-sharma-works/aevum-platform/services/query-audit/internal/clients/event_timeline_client.go:245.108,249.16 3 0
github.com/kushal-sharma-works/aevum-platform/services/query-audit/internal/clients/event_timeline_client.go:249.16,251.3 1 0
github.com/kushal-sharma-works/aevum-platform/services/query-audit/internal/clients/event_timeline_client.go:253.2,254.16 2 0
github.com/kushal-sharma-works/aevum-platform/services/query-audit/internal/clients/event_timeline_client.go:254.16,256.3 1 0
github.com/kushal-sharma-works/aevum-platform/services/query-audit/internal/clients/event_timeline_client.go:257.2,259.38 2 0
github.com/kushal-sharma-works/aevum-platform/services/query-audit/internal/clients/event_timeline_client.go:259.38,261.3 1 0
github.com/kushal-sharma-works/aevum-platform/services/query-audit/internal/clients/event_timeline_client.go:263.2,264.16 2 0
github.com/kushal-sharma-works/aevum-platform/services/query-audit/internal/clients/event_timeline_client.go:264.16,266.3 1 0
github.com/kushal-sharma-works/aevum-platform/services/query-audit/internal/clients/event_timeline_client.go:268.2,269.54 2 0
github.com/kushal-sharma-works/aevum-platform/services/query-audit/internal/clients/event_timeline_client.go:269.54,271.3 1 0
github.com/kushal-sharma-works/aevum-platform/services/query-audit/internal/clients/event_timeline_client.go:273.2,273.61 1 0
github.com/kushal-sharma-works/aevum-platform/services/query-audit/internal/clients/event_timeline_client.go:273.61,275.3 1 0
github.com/kushal-sharma-works/aevum-platform/services/query-audit/internal/clients/event_timeline_client.go:277.2,277.42 1 0
github.com/kushal-sharma-works/aevum-platform/services/query-audit/internal/config/config.go:49.21,71.2 1 3
github.com/kushal-sharma-works/aevum-platform/services/query-audit/internal/config/config.go:74.44,75.46 1 12
github.com/kushal-sharma-works/aevum-platform/services/query-audit/internal/config/config.go:75.46,77.3 1 4
github.com/kushal-sharma-works/aevum-platform/services/query-audit/internal/config/config.go:78.2,78.19 1 8
github.com/kushal-sharma-works/aevum-platform/services/query-audit/internal/config/config.go:82.48,83.46 1 12
github.com/kushal-sharma-works/aevum-platform/services/query-audit/internal/config/config.go:83.46,84.51 1 8
github.com/kushal-sharma-works/aevum-platform/services/query-audit/internal/config/config.go:84.51,86.4 1 4
github.com/kushal-sharma-works/aevum-platform/services/query-audit/internal/config/config.go:88.2,88.19 1 8
github.com/kushal-sharma-works/aevum-platform/services/query-audit/internal/config/config.go:92.60,93.46 1 3
github.com/kushal-sharma-works/aevum-platform/services/query-audit/internal/config/config.go:93.46,95.3 1 1
github.com/kushal-sharma-works/aevum-platform/services/query-audit/internal/config/config.go:96.2,96.19 1 2
github.com/kushal-sharma-works/aevum-platform/services/query-audit/internal/domain/errors.go:22.38,23.20 1 4
github.com/kushal-sharma-works/aevum-platform/services/query-audit/internal/domain/errors.go:23.20,25.3 1 1
github.com/kushal-sharma-works/aevum-platform/services/query-audit/internal/domain/errors.go:26.2,26.50 1 3
github.com/kushal-sharma-works/aevum-platform/services/query-audit/internal/domain/errors.go:29.66,31.2 1 3
github.com/kushal-sharma-works/aevum-platform/services/query-audit/internal/domain/errors.go:33.88,35.2 1 1
github.com/kushal-sharma-works/aevum-platform/services/query-audit/internal/indexer/bulk_indexer.go:23.100,30.2 1 0
github.com/kushal-sharma-works/aevum-platform/services/query-audit/internal/indexer/bulk_indexer.go:33.107,34.61 1 0
github.com/kushal-sharma-works/aevum-platform/services/query-audit/internal/indexer/bulk_indexer.go:34.61,36.3 1 0
github.com/kushal-sharma-works/aevum-platform/services/query-audit/internal/indexer/bulk_indexer.go:38.2,38.38 1 0
github.com/kushal-sharma-works/aevum-platform/services/query-audit/internal/indexer/bulk_indexer.go:38.38,40.3 1 0
github.com/kushal-sharma-works/aevum-platform/services/query-audit/internal/indexer/bulk_indexer.go:41.2,41.12 1 0
github.com/kushal-sharma-works/aevum-platform/services/query-audit/internal/indexer/bulk_indexer.go:45.83,54.2 3 0
github.com/kushal-sharma-works/aevum-platform/services/query-audit/internal/indexer/bulk_indexer.go:57.57,58.25 1 0
github.com/kushal-sharma-works/aevum-platform/services/query-audit/internal/indexer/bulk_indexer.go:58.25,60.3 1 0
github.com/kushal-sharma-works/aevum-platform/services/query-audit/internal/indexer/bulk_indexer.go:62.2,63.33 2 0
github.com/kushal-sharma-works/aevum-platform/services/query-audit/internal/indexer/bulk_indexer.go:63.33,65.17 2 0
github.com/kushal-sharma-works/aevum-platform/services/query-audit/internal/indexer/bulk_indexer.go:65.17,67.4 1 0
github.com/kushal-sharma-works/aevum-platform/services/query-audit/internal/indexer/bulk_indexer.go:68.3,69.25 2 0
github.com/kushal-sharma-works/aevum-platform/services/query-audit/internal/indexer/bulk_indexer.go:72.2,76.16 3 0
github.com/kushal-sharma-works/aevum-platform/services/query-audit/internal/indexer/bulk_indexer.go:76.16,78.3 1 0
github.com/kushal-sharma-works/aevum-platform/services/query-audit/internal/indexer/bulk_indexer.go:79.2,81.19 2 0
github.com/kushal-sharma-works/aevum-platform/services/query-audit/internal/indexer/bulk_indexer.go:81.19,83.3 1 0
github.com/kushal-sharma-works/aevum-platform/services/query-audit/internal/indexer/bulk_indexer.go:85.2,87.12 3 0
github.com/kushal-sharma-works/aevum-platform/services/query-audit/internal/indexer/event_indexer.go:20.120,26.2 1 0
github.com/kushal-sharma-works/aevum-platform/services/query-audit/internal/indexer/event_indexer.go:29.82,31.16 2 0
github.com/kushal-sharma-works/aevum-platform/services/query-audit/internal/indexer/event_indexer.go:31.16,34.3 2 0
github.com/kushal-sharma-works/aevum-platform/services/query-audit/internal/indexer/event_indexer.go:36.2,36.31 1 0
github.com/kushal-sharma-works/aevum-platform/services/query-audit/internal/indexer/event_indexer.go:36.31,38.101 2 0
github.com/kushal-sharma-works/aevum-platform/services/query-audit/internal/indexer/event_indexer.go:38.101,40.4 1 0
github.com/kushal-sharma-works/aevum-platform/services/query-audit/internal/indexer/event_indexer.go:43.2,43.50 1 0
github.com/kushal-sharma-works/aevum-platform/services/query-audit/internal/indexer/event_indexer.go:43.50,46.3 2 0
github.com/kushal-sharma-works/aevum-platform/services/query-audit/internal/indexer/event_indexer.go:48.2,48.23 1 0
github.com/kushal-sharma-works/aevum-platform/services/query-audit/internal/indexer/event_indexer.go:52.79,70.2 5 0
github.com/kushal-sharma-works/aevum-platform/services/query-audit/internal/indexer/event_indexer.go:73.63,74.45 1 0
github.com/kushal-sharma-works/aevum-platform/services/query-audit/internal/indexer/event_indexer.go:74.45,76.3 1 0
github.com/kushal-sharma-works/aevum-platform/services/query-audit/internal/indexer/event_indexer.go:77.2,77.37 1 0
github.com/kushal-sharma-works/aevum-platform/services/query-audit/internal/indexer/event_indexer.go:81.41,82.29 1 0
github.com/kushal-sharma-works/aevum-platform/services/query-audit/internal/indexer/event_indexer.go:82.29,85.3 2 0
github.com/kushal-sharma-works/aevum-platform/services/query-audit/internal/indexer/event_indexer.go:86.2,86.19 1 0
github.com/kushal-sharma-works/aevum-platform/services/query-audit/internal/indexer/event_indexer.go:90.37,91.29 1 0
github.com/kushal-sharma-works/aevum-platform/services/query-audit/internal/indexer/event_indexer.go:91.29,93.3 1 0
github.com/kushal-sharma-works/aevum-platform/services/query-audit/internal/indexer/event_indexer.go:94.2,94.11 1 0
github.com/kushal-sharma-works/aevum-platform/services/query-audit/internal/indexer/event_indexer.go:98.35,99.25 1 0
github.com/kushal-sharma-works/aevum-platform/services/query-audit/internal/indexer/event_indexer.go:100.13,101.13 1 0
github.com/kushal-sharma-works/aevum-platform/services/query-audit/internal/indexer/event_indexer.go:102.15,103.20 1 0
github.com/kushal-sharma-works/aevum-platform/services/query-audit/internal/indexer/event_indexer.go:104.10,105.11 1 0
github.com/kushal-sharma-works/aevum-platform/services/query-audit/internal/indexer/event_indexer.go:117.127,123.2 1 0
github.com/kushal-sharma-works/aevum-platform/services/query-audit/internal/indexer/event_indexer.go:126.80,128.16 2 0
github.com/kushal-sharma-works/aevum-platform/services/query-audit/internal/indexer/event_indexer.go:128.16,131.3 2 0
github.com/kushal-sharma-works/aevum-platform/services/query-audit/internal/indexer/event_indexer.go:133.2,133.37 1 0
github.com/kushal-sharma-works/aevum-platform/services/query-audit/internal/indexer/event_indexer.go:133.37,135.107 2 0
github.com/kushal-sharma-works/aevum-platform/services/query-audit/internal/indexer/event_indexer.go:135.107,137.4 1 0
github.com/kushal-sharma-works/aevum-platform/services/query-audit/internal/indexer/event_indexer.go:140.2,140.50 1 0
github.com/kushal-sharma-works/aevum-platform/services/query-audit/internal/indexer/event_indexer.go:140.50,143.3 2 0
github.com/kushal-sharma-works/aevum-platform/services/query-audit/internal/indexer/event_indexer.go:145.2,145.12 1 0
github.com/kushal-sharma-works/aevum-platform/services/query-audit/internal/indexer/event_indexer.go:149.88,154.60 4 0
github.com/kushal-sharma-works/aevum-platform/services/query-audit/internal/indexer/event_indexer.go:154.60,155.31 1 0
github.com/kushal-sharma-works/aevum-platform/services/query-audit/internal/indexer/event_indexer.go:155.31,156.54 1 0
github.com/kushal-sharma-works/aevum-platform/services/query-audit/internal/indexer/event_indexer.go:156.54,164.5 1 0
github.com/kushal-sharma-works/aevum-platform/services/query-audit/internal/indexer/event_indexer.go:168.2,181.3 1 0
github.com/kushal-sharma-works/aevum-platform/services/query-audit/internal/indexer/event_indexer.go:185.33,186.27 1 0
github.com/kushal-sharma-works/aevum-platform/services/query-audit/internal/indexer/event_indexer.go:186.27,188.3 1 0
github.com/kushal-sharma-works/aevum-platform/services/query-audit/internal/indexer/event_indexer.go:189.2,189.14 1 0
github.com/kushal-sharma-works/aevum-platform/services/query-audit/internal/middleware/request_id.go:9.44,10.30 1 2
github.com/kushal-sharma-works/aevum-platform/services/query-audit/internal/middleware/request_id.go:10.30,12.22 2 2
github.com/kushal-sharma-works/aevum-platform/services/query-audit/internal/middleware/request_id.go:12.22,14.4 1 1
github.com/kushal-sharma-works/aevum-platform/services/query-audit/internal/middleware/request_id.go:15.3,17.11 3 2
github.com/kushal-sharma-works/aevum-platform/services/query-audit/internal/observability/logger.go:10.49,12.33 2 0
github.com/kushal-sharma-works/aevum-platform/services/query-audit/internal/observability/logger.go:12.33,14.3 1 0
github.com/kushal-sharma-works/aevum-platform/services/query-audit/internal/observability/logger.go:14.8,16.3 1 0
github.com/kushal-sharma-works/aevum-platform/services/query-audit/internal/observability/logger.go:18.2,22.26 2 0
github.com/kushal-sharma-works/aevum-platform/services/query-audit/internal/observability/logger.go:26.72,28.33 2 0
github.com/kushal-sharma-works/aevum-platform/services/query-audit/internal/observability/logger.go:28.33,30.3 1 0
github.com/kushal-sharma-works/aevum-platform/services/query-audit/internal/observability/logger.go:30.8,32.3 1 0
github.com/kushal-sharma-works/aevum-platform/services/query-audit/internal/observability/logger.go:34.2,38.26 2 0
github.com/kushal-sharma-works/aevum-platform/services/query-audit/internal/search/audit_builder.go:23.177,30.2 1 0
github.com/kushal-sharma-works/aevum-platform/services/query-audit/internal/search/audit_builder.go:33.99,36.16 2 0
github.com/kushal-sharma-works/aevum-platform/services/query-audit/internal/search/audit_builder.go:36.16,38.3 1 0
github.com/kushal-sharma-works/aevum-platform/services/query-audit/internal/search/audit_builder.go:41.2,42.16 2 0
github.com/kushal-sharma-works/aevum-platform/services/query-audit/internal/search/audit_builder.go:42.16,44.3 1 0
github.com/kushal-sharma-works/aevum-platform/services/query-audit/internal/search/audit_builder.go:47.2,48.16 2 0
github.com/kushal-sharma-works/aevum-platform/services/query-audit/internal/search/audit_builder.go:48.16,50.3 1 0
github.com/kushal-sharma-works/aevum-platform/services/query-audit/internal/search/audit_builder.go:53.2,57.21 3 0
github.com/kushal-sharma-works/aevum-platform/services/query-audit/internal/search/audit_builder.go:57.21,62.3 1 0
github.com/kushal-sharma-works/aevum-platform/services/query-audit/internal/search/audit_builder.go:64.2,69.8 1 0
github.com/kushal-sharma-works/aevum-platform/services/query-audit/internal/search/audit_builder.go:73.112,76.2 1 0
github.com/kushal-sharma-works/aevum-platform/services/query-audit/internal/search/audit_builder.go:79.141,83.21 2 0
github.com/kushal-sharma-works/aevum-platform/services/query-audit/internal/search/audit_builder.go:83.21,94.3 1 0
github.com/kushal-sharma-works/aevum-platform/services/query-audit/internal/search/audit_builder.go:97.2,109.39 2 0
github.com/kushal-sharma-works/aevum-platform/services/query-audit/internal/search/audit_builder.go:109.39,120.3 1 0
github.com/kushal-sharma-works/aevum-platform/services/query-audit/internal/search/audit_builder.go:122.2,122.14 1 0
github.com/kushal-sharma-works/aevum-platform/services/query-audit/internal/search/diff_engine.go:22.83,27.2 1 0
github.com/kushal-sharma-works/aevum-platform/services/query-audit/internal/search/diff_engine.go:30.105,32.16 2 0
github.com/kushal-sharma-works/aevum-platform/services/query-audit/internal/search/diff_engine.go:32.16,34.3 1 0
github.com/kushal-sharma-works/aevum-platform/services/query-audit/internal/search/diff_engine.go:36.2,37.16 2 0
github.com/kushal-sharma-works/aevum-platform/services/query-audit/internal/search/diff_engine.go:37.16,39.3 1 0
github.com/kushal-sharma-works/aevum-platform/services/query-audit/internal/search/diff_engine.go:41.2,41.47 1 0
github.com/kushal-sharma-works/aevum-platform/services/query-audit/internal/search/diff_engine.go:45.146,54.18 2 0
github.com/kushal-sharma-works/aevum-platform/services/query-audit/internal/search/diff_engine.go:54.18,58.3 1 0
github.com/kushal-sharma-works/aevum-platform/services/query-audit/internal/search/diff_engine.go:60.2,60.20 1 0
github.com/kushal-sharma-works/aevum-platform/services/query-audit/internal/search/diff_engine.go:60.20,64.3 1 0
github.com/kushal-sharma-works/aevum-platform/services/query-audit/internal/search/diff_engine.go:66.2,75.16 4 0
github.com/kushal-sharma-works/aevum-platform/services/query-audit/internal/search/diff_engine.go:75.16,77.3 1 0
github.com/kushal-sharma-works/aevum-platform/services/query-audit/internal/search/diff_engine.go:78.2,81.66 3 0
github.com/kushal-sharma-works/aevum-platform/services/query-audit/internal/search/diff_engine.go:81.66,83.3 1 0
github.com/kushal-sharma-works/aevum-platform/services/query-audit/internal/search/diff_engine.go:85.2,86.85 2 0
github.com/kushal-sharma-works/aevum-platform/services/query-audit/internal/search/diff_engine.go:86.85,87.26 1 0
github.com/kushal-sharma-works/aevum-platform/services/query-audit/internal/search/diff_engine.go:87.26,88.49 1 0
github.com/kushal-sharma-works/aevum-platform/services/query-audit/internal/search/diff_engine.go:88.49,89.66 1 0
github.com/kushal-sharma-works/aevum-platform/services/query-audit/internal/search/diff_engine.go:89.66,95.6 2 0
github.com/kushal-sharma-works/aevum-platform/services/query-audit/internal/search/diff_engine.go:100.2,100.23 1 0
github.com/kushal-sharma-works/aevum-platform/services/query-audit/internal/search/diff_engine.go:104.90,112.21 2 2
github.com/kushal-sharma-works/aevum-platform/services/query-audit/internal/search/diff_engine.go:112.21,113.35 1 3
github.com/kushal-sharma-works/aevum-platform/services/query-audit/internal/search/diff_engine.go:113.35,115.4 1 1
github.com/kushal-sharma-works/aevum-platform/services/query-audit/internal/search/diff_engine.go:119.2,119.21 1 2
github.com/kushal-sharma-works/aevum-platform/services/query-audit/internal/search/diff_engine.go:119.21,120.35 1 3
github.com/kushal-sharma-works/aevum-platform/services/query-audit/internal/search/diff_engine.go:120.35,122.4 1 1
github.com/kushal-sharma-works/aevum-platform/services/query-audit/internal/search/diff_engine.go:125.2,126.15 2 2
github.com/kushal-sharma-works/aevum-platform/services/query-audit/internal/search/engine.go:19.75,24.2 1 0
github.com/kushal-sharma-works/aevum-platform/services/query-audit/internal/search/engine.go:27.144,31.16 3 0
github.com/kushal-sharma-works/aevum-platform/services/query-audit/internal/search/engine.go:31.16,34.3 2 0
github.com/kushal-sharma-works/aevum-platform/services/query-audit/internal/search/engine.go:35.2,37.19 2 0
github.com/kushal-sharma-works/aevum-platform/services/query-audit/internal/search/engine.go:37.19,40.3 2 0
github.com/kushal-sharma-works/aevum-platform/services/query-audit/internal/search/engine.go:42.2,43.66 2 0
github.com/kushal-sharma-works/aevum-platform/services/query-audit/internal/search/engine.go:43.66,46.3 2 0
github.com/kushal-sharma-works/aevum-platform/services/query-audit/internal/search/engine.go:48.2,48.20 1 0
github.com/kushal-sharma-works/aevum-platform/services/query-audit/internal/search/engine.go:52.96,55.20 2 0
github.com/kushal-sharma-works/aevum-platform/services/query-audit/internal/search/engine.go:55.20,61.3 1 0
github.com/kushal-sharma-works/aevum-platform/services/query-audit/internal/search/engine.go:63.2,63.22 1 0
github.com/kushal-sharma-works/aevum-platform/services/query-audit/internal/search/engine.go:63.22,69.3 1 0
github.com/kushal-sharma-works/aevum-platform/services/query-audit/internal/search/engine.go:71.2,90.21 3 0
github.com/kushal-sharma-works/aevum-platform/services/query-audit/internal/search/temporal_query.go:21.89,26.2 1 0
github.com/kushal-sharma-works/aevum-platform/services/query-audit/internal/search/temporal_query.go:29.115,32.26 2 0
github.com/kushal-sharma-works/aevum-platform/services/query-audit/internal/search/temporal_query.go:32.26,36.3 1 0
github.com/kushal-sharma-works/aevum-platform/services/query-audit/internal/search/temporal_query.go:38.2,60.16 4 0
github.com/kushal-sharma-works/aevum-platform/services/query-audit/internal/search/temporal_query.go:60.16,62.3 1 0
github.com/kushal-sharma-works/aevum-platform/services/query-audit/internal/search/temporal_query.go:63.2,66.66 3 0
github.com/kushal-sharma-works/aevum-platform/services/query-audit/internal/search/temporal_query.go:66.66,68.3 1 0
github.com/kushal-sharma-works/aevum-platform/services/query-audit/internal/search/temporal_query.go:70.2,70.58 1 0
github.com/kushal-sharma-works/aevum-platform/services/query-audit/internal/search/temporal_query.go:74.90,86.53 4 2
github.com/kushal-sharma-works/aevum-platform/services/query-audit/internal/search/temporal_query.go:86.53,87.29 1 2
github.com/kushal-sharma-works/aevum-platform/services/query-audit/internal/search/temporal_query.go:87.29,88.49 1 4
github.com/kushal-sharma-works/aevum-platform/services/query-audit/internal/search/temporal_query.go:88.49,90.5 1 4
github.com/kushal-sharma-works/aevum-platform/services/query-audit/internal/search/temporal_query.go:94.2,94.16 1 2
github.com/kushal-sharma-works/aevum-platform/services/query-audit/internal/search/temporal_query.go:104.95,109.2 1 0
github.com/kushal-sharma-works/aevum-platform/services/query-audit/internal/search/temporal_query.go:112.121,115.25 2 0
github.com/kushal-sharma-works/aevum-platform/services/query-audit/internal/search/temporal_query.go:115.25,119.3 1 0
github.com/kushal-sharma-works/aevum-platform/services/query-audit/internal/search/temporal_query.go:120.2,120.28 1 0
github.com/kushal-sharma-works/aevum-platform/services/query-audit/internal/search/temporal_query.go:120.28,124.3 1 0
github.com/kushal-sharma-works/aevum-platform/services/query-audit/internal/search/temporal_query.go:125.2,125.24 1 0
github.com/kushal-sharma-works/aevum-platform/services/query-audit/internal/search/temporal_query.go:125.24,129.3 1 0
github.com/kushal-sharma-works/aevum-platform/services/query-audit/internal/search/temporal_query.go:130.2,130.26 1 0
github.com/kushal-sharma-works/aevum-platform/services/query-audit/internal/search/temporal_query.go:130.26,134.3 1 0
github.com/kushal-sharma-works/aevum-platform/services/query-audit/internal/search/temporal_query.go:136.2,144.16 4 0
github.com/kushal-sharma-works/aevum-platform/services/query-audit/internal/search/temporal_query.go:144.16,146.3 1 0
github.com/kushal-sharma-works/aevum-platform/services/query-audit/internal/search/temporal_query.go:147.2,150.66 3 0
github.com/kushal-sharma-works/aevum-platform/services/query-audit/internal/search/temporal_query.go:150.66,152.3 1 0
github.com/kushal-sharma-works/aevum-platform/services/query-audit/internal/search/temporal_query.go:154.2,154.58 1 0
github.com/kushal-sharma-works/aevum-platform/services/query-audit/internal/sync/sync_state.go:14.50,21.2 1 0
github.com/kushal-sharma-works/aevum-platform/services/query-audit/internal/sync/sync_state.go:24.50,28.2 3 0
github.com/kushal-sharma-works/aevum-platform/services/query-audit/internal/sync/sync_state.go:31.35,33.2 1 0
github.com/kushal-sharma-works/aevum-platform/services/query-audit/internal/sync/worker.go:21.157,30.2 1 0
github.com/kushal-sharma-works/aevum-platform/services/query-audit/internal/sync/worker.go:33.67,35.2 1 0
github.com/kushal-sharma-works/aevum-platform/services/query-audit/internal/sync/worker.go:38.25,40.2 1 0
github.com/kushal-sharma-works/aevum-platform/services/query-audit/internal/sync/worker.go:43.58,45.6 2 0
github.com/kushal-sharma-works/aevum-platform/services/query-audit/internal/sync/worker.go:45.6,46.10 1 0
github.com/kushal-sharma-works/aevum-platform/services/query-audit/internal/sync/worker.go:47.21,49.10 2 0
github.com/kushal-sharma-works/aevum-platform/services/query-audit/internal/sync/worker.go:50.21,51.10 1 0
github.com/kushal-sharma-works/aevum-platform/services/query-audit/internal/sync/worker.go:52.30,54.18 2 0
github.com/kushal-sharma-works/aevum-platform/services/query-audit/internal/sync/worker.go:54.18,57.13 3 0
github.com/kushal-sharma-works/aevum-platform/services/query-audit/internal/sync/worker.go:59.4,61.24 3 0
github.com/kushal-sharma-works/aevum-platform/services/query-audit/internal/storage/elasticsearch_client.go:16.74,21.16 3 0
github.com/kushal-sharma-works/aevum-platform/services/query-audit/internal/storage/elasticsearch_client.go:21.16,23.3 1 0
github.com/kushal-sharma-works/aevum-platform/services/query-audit/internal/storage/elasticsearch_client.go:24.2,24.50 1 0
github.com/kushal-sharma-works/aevum-platform/services/query-audit/internal/storage/elasticsearch_client.go:28.66,30.16 2 0
github.com/kushal-sharma-works/aevum-platform/services/query-audit/internal/storage/elasticsearch_client.go:30.16,32.3 1 0
github.com/kushal-sharma-works/aevum-platform/services/query-audit/internal/storage/elasticsearch_client.go:33.2,35.19 2 0
github.com/kushal-sharma-works/aevum-platform/services/query-audit/internal/storage/elasticsearch_client.go:35.19,37.3 1 0
github.com/kushal-sharma-works/aevum-platform/services/query-audit/internal/storage/elasticsearch_client.go:38.2,38.12 1 0
github.com/kushal-sharma-works/aevum-platform/services/query-audit/internal/storage/elasticsearch_client.go:42.66,44.2 1 0
github.com/kushal-sharma-works/aevum-platform/services/query-audit/internal/storage/index_manager.go:18.68,20.2 1 0
github.com/kushal-sharma-works/aevum-platform/services/query-audit/internal/storage/index_manager.go:23.66,24.74 1 0
github.com/kushal-sharma-works/aevum-platform/services/query-audit/internal/storage/index_manager.go:24.74,26.3 1 0
github.com/kushal-sharma-works/aevum-platform/services/query-audit/internal/storage/index_manager.go:27.2,27.80 1 0
github.com/kushal-sharma-works/aevum-platform/services/query-audit/internal/storage/index_manager.go:27.80,29.3 1 0
github.com/kushal-sharma-works/aevum-platform/services/query-audit/internal/storage/index_manager.go:30.2,30.82 1 0
github.com/kushal-sharma-works/aevum-platform/services/query-audit/internal/storage/index_manager.go:30.82,32.3 1 0
github.com/kushal-sharma-works/aevum-platform/services/query-audit/internal/storage/index_manager.go:33.2,33.12 1 0
github.com/kushal-sharma-works/aevum-platform/services/query-audit/internal/storage/index_manager.go:37.98,39.16 2 0
github.com/kushal-sharma-works/aevum-platform/services/query-audit/internal/storage/index_manager.go:39.16,41.3 1 0
github.com/kushal-sharma-works/aevum-platform/services/query-audit/internal/storage/index_manager.go:42.2,42.12 1 0
github.com/kushal-sharma-works/aevum-platform/services/query-audit/internal/storage/index_manager.go:42.12,44.3 1 0
github.com/kushal-sharma-works/aevum-platform/services/query-audit/internal/storage/index_manager.go:46.2,47.16 2 0
github.com/kushal-sharma-works/aevum-platform/services/query-audit/internal/storage/index_manager.go:47.16,49.3 1 0
github.com/kushal-sharma-works/aevum-platform/services/query-audit/internal/storage/index_manager.go:50.2,52.19 2 0
github.com/kushal-sharma-works/aevum-platform/services/query-audit/internal/storage/index_manager.go:52.19,55.3 2 0
github.com/kushal-sharma-works/aevum-platform/services/query-audit/internal/storage/index_manager.go:56.2,56.12 1 0
github.com/kushal-sharma-works/aevum-platform/services/query-audit/internal/storage/index_manager.go:60.90,62.16 2 0
github.com/kushal-sharma-works/aevum-platform/services/query-audit/internal/storage/index_manager.go:62.16,64.3 1 0
github.com/kushal-sharma-works/aevum-platform/services/query-audit/internal/storage/index_manager.go:65.2,66.35 2 0
github.com/kushal-sharma-works/aevum-platform/services/query-audit/internal/storage/index_manager.go:70.82,72.16 2 0
github.com/kushal-sharma-works/aevum-platform/services/query-audit/internal/storage/index_manager.go:72.16,74.3 1 0
github.com/kushal-sharma-works/aevum-platform/services/query-audit/internal/storage/index_manager.go:75.2,76.12 2 0
github.com/kushal-sharma-works/aevum-platform/services/query-audit/internal/storage/index_manager.go:80.110,82.16 2 0
github.com/kushal-sharma-works/aevum-platform/services/query-audit/internal/storage/index_manager.go:82.16,84.3 1 0
github.com/kushal-sharma-works/aevum-platform/services/query-audit/internal/storage/index_manager.go:85.2,87.19 2 0
github.com/kushal-sharma-works/aevum-platform/services/query-audit/internal/storage/index_manager.go:87.19,89.3 1 0
github.com/kushal-sharma-works/aevum-platform/services/query-audit/internal/storage/index_manager.go:90.2,90.52 1 0
