mode: atomic
github.com/kushal-sharma-works/aevum-platform/services/event-timeline/cmd/server/main.go:30.13,31.30 1 0
github.com/kushal-sharma-works/aevum-platform/services/event-timeline/cmd/server/main.go:31.30,34.3 2 0
github.com/kushal-sharma-works/aevum-platform/services/event-timeline/cmd/server/main.go:37.18,40.16 3 0
github.com/kushal-sharma-works/aevum-platform/services/event-timeline/cmd/server/main.go:40.16,42.3 1 0
github.com/kushal-sharma-works/aevum-platform/services/event-timeline/cmd/server/main.go:44.2,48.16 4 0
github.com/kushal-sharma-works/aevum-platform/services/event-timeline/cmd/server/main.go:48.16,50.3 1 0
github.com/kushal-sharma-works/aevum-platform/services/event-timeline/cmd/server/main.go:51.2,51.15 1 0
github.com/kushal-sharma-works/aevum-platform/services/event-timeline/cmd/server/main.go:51.15,55.3 3 0
github.com/kushal-sharma-works/aevum-platform/services/event-timeline/cmd/server/main.go:57.2,58.16 2 0
github.com/kushal-sharma-works/aevum-platform/services/event-timeline/cmd/server/main.go:58.16,60.3 1 0
github.com/kushal-sharma-works/aevum-platform/services/event-timeline/cmd/server/main.go:62.2,62.81 1 0
github.com/kushal-sharma-works/aevum-platform/services/event-timeline/cmd/server/main.go:62.81,63.31 1 0
github.com/kushal-sharma-works/aevum-platform/services/event-timeline/cmd/server/main.go:63.31,65.4 1 0
github.com/kushal-sharma-works/aevum-platform/services/event-timeline/cmd/server/main.go:68.2,108.20 20 0
github.com/kushal-sharma-works/aevum-platform/services/event-timeline/cmd/server/main.go:108.20,110.93 2 0
github.com/kushal-sharma-works/aevum-platform/services/event-timeline/cmd/server/main.go:110.93,112.4 1 0
github.com/kushal-sharma-works/aevum-platform/services/event-timeline/cmd/server/main.go:113.3,113.13 1 0
github.com/kushal-sharma-works/aevum-platform/services/event-timeline/cmd/server/main.go:115.2,115.20 1 0
github.com/kushal-sharma-works/aevum-platform/services/event-timeline/cmd/server/main.go:115.20,117.94 2 0
github.com/kushal-sharma-works/aevum-platform/services/event-timeline/cmd/server/main.go:117.94,119.4 1 0
github.com/kushal-sharma-works/aevum-platform/services/event-timeline/cmd/server/main.go:120.3,120.13 1 0
github.com/kushal-sharma-works/aevum-platform/services/event-timeline/cmd/server/main.go:122.2,122.20 1 0
github.com/kushal-sharma-works/aevum-platform/services/event-timeline/cmd/server/main.go:122.20,126.10 4 0
github.com/kushal-sharma-works/aevum-platform/services/event-timeline/cmd/server/main.go:127.22,128.14 1 0
github.com/kushal-sharma-works/aevum-platform/services/event-timeline/cmd/server/main.go:129.23,133.58 4 0
github.com/kushal-sharma-works/aevum-platform/services/event-timeline/cmd/server/main.go:133.58,135.5 1 0
github.com/kushal-sharma-works/aevum-platform/services/event-timeline/cmd/server/main.go:136.4,136.59 1 0
github.com/kushal-sharma-works/aevum-platform/services/event-timeline/cmd/server/main.go:136.59,138.5 1 0
github.com/kushal-sharma-works/aevum-platform/services/event-timeline/cmd/server/main.go:139.4,139.59 1 0
github.com/kushal-sharma-works/aevum-platform/services/event-timeline/cmd/server/main.go:139.59,141.5 1 0
github.com/kushal-sharma-works/aevum-platform/services/event-timeline/cmd/server/main.go:142.4,142.14 1 0
github.com/kushal-sharma-works/aevum-platform/services/event-timeline/cmd/server/main.go:146.2,146.33 1 0
github.com/kushal-sharma-works/aevum-platform/services/event-timeline/cmd/server/main.go:146.33,148.3 1 0
github.com/kushal-sharma-works/aevum-platform/services/event-timeline/cmd/server/main.go:149.2,149.12 1 0
github.com/kushal-sharma-works/aevum-platform/services/event-timeline/internal/api/handlers/batch_ingest_handler.go:16.73,18.2 1 0
github.com/kushal-sharma-works/aevum-platform/services/event-timeline/internal/api/handlers/batch_ingest_handler.go:20.58,22.47 2 0
github.com/kushal-sharma-works/aevum-platform/services/event-timeline/internal/api/handlers/batch_ingest_handler.go:22.47,25.3 2 0
github.com/kushal-sharma-works/aevum-platform/services/event-timeline/internal/api/handlers/batch_ingest_handler.go:26.2,26.36 1 0
github.com/kushal-sharma-works/aevum-platform/services/event-timeline/internal/api/handlers/batch_ingest_handler.go:26.36,29.3 2 0
github.com/kushal-sharma-works/aevum-platform/services/event-timeline/internal/api/handlers/batch_ingest_handler.go:30.2,31.50 2 0
github.com/kushal-sharma-works/aevum-platform/services/event-timeline/internal/api/handlers/event_handler.go:17.67,19.2 1 0
github.com/kushal-sharma-works/aevum-platform/services/event-timeline/internal/api/handlers/event_handler.go:21.48,24.16 3 0
github.com/kushal-sharma-works/aevum-platform/services/event-timeline/internal/api/handlers/event_handler.go:24.16,25.41 1 0
github.com/kushal-sharma-works/aevum-platform/services/event-timeline/internal/api/handlers/event_handler.go:25.41,28.4 2 0
github.com/kushal-sharma-works/aevum-platform/services/event-timeline/internal/api/handlers/event_handler.go:29.3,30.9 2 0
github.com/kushal-sharma-works/aevum-platform/services/event-timeline/internal/api/handlers/event_handler.go:32.2,32.36 1 0
github.com/kushal-sharma-works/aevum-platform/services/event-timeline/internal/api/handlers/ingest_handler.go:18.63,20.2 1 0
github.com/kushal-sharma-works/aevum-platform/services/event-timeline/internal/api/handlers/ingest_handler.go:22.48,24.47 2 0
github.com/kushal-sharma-works/aevum-platform/services/event-timeline/internal/api/handlers/ingest_handler.go:24.47,27.3 2 0
github.com/kushal-sharma-works/aevum-platform/services/event-timeline/internal/api/handlers/ingest_handler.go:28.2,29.16 2 0
github.com/kushal-sharma-works/aevum-platform/services/event-timeline/internal/api/handlers/ingest_handler.go:29.16,30.43 1 0
github.com/kushal-sharma-works/aevum-platform/services/event-timeline/internal/api/handlers/ingest_handler.go:30.43,33.4 2 0
github.com/kushal-sharma-works/aevum-platform/services/event-timeline/internal/api/handlers/ingest_handler.go:34.3,35.9 2 0
github.com/kushal-sharma-works/aevum-platform/services/event-timeline/internal/api/handlers/ingest_handler.go:37.2,38.13 2 0
github.com/kushal-sharma-works/aevum-platform/services/event-timeline/internal/api/handlers/ingest_handler.go:38.13,40.3 1 0
github.com/kushal-sharma-works/aevum-platform/services/event-timeline/internal/api/handlers/ingest_handler.go:41.2,41.59 1 0
github.com/kushal-sharma-works/aevum-platform/services/event-timeline/internal/api/handlers/stream_handler.go:18.69,20.2 1 0
github.com/kushal-sharma-works/aevum-platform/services/event-timeline/internal/api/handlers/stream_handler.go:22.53,25.40 3 0
github.com/kushal-sharma-works/aevum-platform/services/event-timeline/internal/api/handlers/stream_handler.go:25.40,27.17 2 0
github.com/kushal-sharma-works/aevum-platform/services/event-timeline/internal/api/handlers/stream_handler.go:27.17,30.4 2 0
github.com/kushal-sharma-works/aevum-platform/services/event-timeline/internal/api/handlers/stream_handler.go:31.3,31.19 1 0
github.com/kushal-sharma-works/aevum-platform/services/event-timeline/internal/api/handlers/stream_handler.go:31.19,33.4 1 0
github.com/kushal-sharma-works/aevum-platform/services/event-timeline/internal/api/handlers/stream_handler.go:34.3,34.17 1 0
github.com/kushal-sharma-works/aevum-platform/services/event-timeline/internal/api/handlers/stream_handler.go:34.17,36.4 1 0
github.com/kushal-sharma-works/aevum-platform/services/event-timeline/internal/api/handlers/stream_handler.go:38.2,39.83 2 0
github.com/kushal-sharma-works/aevum-platform/services/event-timeline/internal/api/handlers/stream_handler.go:39.83,42.3 2 0
github.com/kushal-sharma-works/aevum-platform/services/event-timeline/internal/api/handlers/stream_handler.go:43.2,44.53 2 0
github.com/kushal-sharma-works/aevum-platform/services/event-timeline/internal/api/handlers/stream_handler.go:44.53,46.17 2 0
github.com/kushal-sharma-works/aevum-platform/services/event-timeline/internal/api/handlers/stream_handler.go:46.17,49.4 2 0
github.com/kushal-sharma-works/aevum-platform/services/event-timeline/internal/api/handlers/stream_handler.go:50.3,50.34 1 0
github.com/kushal-sharma-works/aevum-platform/services/event-timeline/internal/api/handlers/stream_handler.go:50.34,53.4 2 0
github.com/kushal-sharma-works/aevum-platform/services/event-timeline/internal/api/handlers/stream_handler.go:54.3,55.18 2 0
github.com/kushal-sharma-works/aevum-platform/services/event-timeline/internal/api/handlers/stream_handler.go:55.18,57.4 1 0
github.com/kushal-sharma-works/aevum-platform/services/event-timeline/internal/api/handlers/stream_handler.go:58.3,58.31 1 0
github.com/kushal-sharma-works/aevum-platform/services/event-timeline/internal/api/handlers/stream_handler.go:61.2,62.16 2 0
github.com/kushal-sharma-works/aevum-platform/services/event-timeline/internal/api/handlers/stream_handler.go:62.16,65.3 2 0
github.com/kushal-sharma-works/aevum-platform/services/event-timeline/internal/api/handlers/stream_handler.go:66.2,67.13 2 0
github.com/kushal-sharma-works/aevum-platform/services/event-timeline/internal/api/handlers/stream_handler.go:67.13,69.3 1 0
github.com/kushal-sharma-works/aevum-platform/services/event-timeline/internal/api/handlers/stream_handler.go:70.2,74.4 1 0
github.com/kushal-sharma-works/aevum-platform/services/event-timeline/internal/api/echo_router.go:19.54,32.2 10 0
github.com/kushal-sharma-works/aevum-platform/services/event-timeline/internal/api/gin_router.go:25.53,41.2 13 0
github.com/kushal-sharma-works/aevum-platform/services/event-timeline/internal/api/httputil/errors.go:19.67,27.2 1 0
github.com/kushal-sharma-works/aevum-platform/services/event-timeline/internal/api/httputil/errors.go:29.55,31.2 1 0
github.com/kushal-sharma-works/aevum-platform/services/event-timeline/internal/api/httputil/errors.go:33.57,35.2 1 0
github.com/kushal-sharma-works/aevum-platform/services/event-timeline/internal/api/httputil/errors.go:37.60,39.2 1 0
github.com/kushal-sharma-works/aevum-platform/services/event-timeline/internal/api/httputil/errors.go:41.53,43.2 1 0
github.com/kushal-sharma-works/aevum-platform/services/event-timeline/internal/api/httputil/errors.go:45.53,47.2 1 0
github.com/kushal-sharma-works/aevum-platform/services/event-timeline/internal/api/handlers/admin/health_handler.go:17.69,19.2 1 0
github.com/kushal-sharma-works/aevum-platform/services/event-timeline/internal/api/handlers/admin/health_handler.go:21.57,26.16 5 0
github.com/kushal-sharma-works/aevum-platform/services/event-timeline/internal/api/handlers/admin/health_handler.go:26.16,28.3 1 0
github.com/kushal-sharma-works/aevum-platform/services/event-timeline/internal/api/handlers/admin/health_handler.go:29.2,29.64 1 0
github.com/kushal-sharma-works/aevum-platform/services/event-timeline/internal/api/handlers/admin/metrics_handler.go:16.72,18.2 1 0
github.com/kushal-sharma-works/aevum-platform/services/event-timeline/internal/api/handlers/admin/metrics_handler.go:20.59,23.2 2 0
github.com/kushal-sharma-works/aevum-platform/services/event-timeline/internal/api/handlers/admin/ready_handler.go:11.38,13.2 1 0
github.com/kushal-sharma-works/aevum-platform/services/event-timeline/internal/api/handlers/admin/ready_handler.go:15.55,17.2 1 0
github.com/kushal-sharma-works/aevum-platform/services/event-timeline/internal/api/handlers/admin/replay_handler.go:17.61,19.2 1 0
github.com/kushal-sharma-works/aevum-platform/services/event-timeline/internal/api/handlers/admin/replay_handler.go:21.61,23.37 2 0
github.com/kushal-sharma-works/aevum-platform/services/event-timeline/internal/api/handlers/admin/replay_handler.go:23.37,25.3 1 0
github.com/kushal-sharma-works/aevum-platform/services/event-timeline/internal/api/handlers/admin/replay_handler.go:26.2,30.21 5 0
github.com/kushal-sharma-works/aevum-platform/services/event-timeline/internal/api/handlers/admin/replay_handler.go:30.21,32.3 1 0
github.com/kushal-sharma-works/aevum-platform/services/event-timeline/internal/api/handlers/admin/replay_handler.go:33.2,33.32 1 0
github.com/kushal-sharma-works/aevum-platform/services/event-timeline/internal/api/handlers/admin/replay_handler.go:33.32,35.3 1 0
github.com/kushal-sharma-works/aevum-platform/services/event-timeline/internal/api/handlers/admin/replay_handler.go:36.2,36.95 1 0
github.com/kushal-sharma-works/aevum-platform/services/event-timeline/internal/api/handlers/admin/streams_handler.go:15.73,17.2 1 0
github.com/kushal-sharma-works/aevum-platform/services/event-timeline/internal/api/handlers/admin/streams_handler.go:19.60,21.16 2 0
github.com/kushal-sharma-works/aevum-platform/services/event-timeline/internal/api/handlers/admin/streams_handler.go:21.16,23.3 1 0
github.com/kushal-sharma-works/aevum-platform/services/event-timeline/internal/api/handlers/admin/streams_handler.go:24.2,24.66 1 0
github.com/kushal-sharma-works/aevum-platform/services/event-timeline/internal/api/middleware/auth.go:15.45,16.30 1 0
github.com/kushal-sharma-works/aevum-platform/services/event-timeline/internal/api/middleware/auth.go:16.30,18.68 2 0
github.com/kushal-sharma-works/aevum-platform/services/event-timeline/internal/api/middleware/auth.go:18.68,22.4 3 0
github.com/kushal-sharma-works/aevum-platform/services/event-timeline/internal/api/middleware/auth.go:23.3,24.73 2 0
github.com/kushal-sharma-works/aevum-platform/services/event-timeline/internal/api/middleware/auth.go:24.73,25.58 1 0
github.com/kushal-sharma-works/aevum-platform/services/event-timeline/internal/api/middleware/auth.go:25.58,27.5 1 0
github.com/kushal-sharma-works/aevum-platform/services/event-timeline/internal/api/middleware/auth.go:28.4,28.30 1 0
github.com/kushal-sharma-works/aevum-platform/services/event-timeline/internal/api/middleware/auth.go:30.3,30.33 1 0
github.com/kushal-sharma-works/aevum-platform/services/event-timeline/internal/api/middleware/auth.go:30.33,34.4 3 0
github.com/kushal-sharma-works/aevum-platform/services/event-timeline/internal/api/middleware/auth.go:35.3,36.10 2 0
github.com/kushal-sharma-works/aevum-platform/services/event-timeline/internal/api/middleware/auth.go:36.10,40.4 3 0
github.com/kushal-sharma-works/aevum-platform/services/event-timeline/internal/api/middleware/auth.go:41.3,41.34 1 0
github.com/kushal-sharma-works/aevum-platform/services/event-timeline/internal/api/middleware/auth.go:41.34,45.4 3 0
github.com/kushal-sharma-works/aevum-platform/services/event-timeline/internal/api/middleware/auth.go:46.3,46.34 1 0
github.com/kushal-sharma-works/aevum-platform/services/event-timeline/internal/api/middleware/auth.go:46.34,50.4 3 0
github.com/kushal-sharma-works/aevum-platform/services/event-timeline/internal/api/middleware/auth.go:51.3,51.34 1 0
github.com/kushal-sharma-works/aevum-platform/services/event-timeline/internal/api/middleware/auth.go:51.34,55.4 3 0
github.com/kushal-sharma-works/aevum-platform/services/event-timeline/internal/api/middleware/auth.go:56.3,56.34 1 0
github.com/kushal-sharma-works/aevum-platform/services/event-timeline/internal/api/middleware/auth.go:56.34,60.4 3 0
github.com/kushal-sharma-works/aevum-platform/services/event-timeline/internal/api/middleware/auth.go:61.3,62.11 2 0
github.com/kushal-sharma-works/aevum-platform/services/event-timeline/internal/api/middleware/logging.go:13.83,14.30 1 0
github.com/kushal-sharma-works/aevum-platform/services/event-timeline/internal/api/middleware/logging.go:14.30,19.17 5 0
github.com/kushal-sharma-works/aevum-platform/services/event-timeline/internal/api/middleware/logging.go:19.17,21.4 1 0
github.com/kushal-sharma-works/aevum-platform/services/event-timeline/internal/api/middleware/logging.go:22.3,30.4 3 0
github.com/kushal-sharma-works/aevum-platform/services/event-timeline/internal/api/middleware/ratelimit.go:19.70,23.12 3 0
github.com/kushal-sharma-works/aevum-platform/services/event-timeline/internal/api/middleware/ratelimit.go:23.12,25.22 2 0
github.com/kushal-sharma-works/aevum-platform/services/event-timeline/internal/api/middleware/ratelimit.go:25.22,27.32 2 0
github.com/kushal-sharma-works/aevum-platform/services/event-timeline/internal/api/middleware/ratelimit.go:27.32,28.47 1 0
github.com/kushal-sharma-works/aevum-platform/services/event-timeline/internal/api/middleware/ratelimit.go:28.47,30.6 1 0
github.com/kushal-sharma-works/aevum-platform/services/event-timeline/internal/api/middleware/ratelimit.go:32.4,32.15 1 0
github.com/kushal-sharma-works/aevum-platform/services/event-timeline/internal/api/middleware/ratelimit.go:36.2,36.30 1 0
github.com/kushal-sharma-works/aevum-platform/services/event-timeline/internal/api/middleware/ratelimit.go:36.30,39.33 3 0
github.com/kushal-sharma-works/aevum-platform/services/event-timeline/internal/api/middleware/ratelimit.go:39.33,41.4 1 0
github.com/kushal-sharma-works/aevum-platform/services/event-timeline/internal/api/middleware/ratelimit.go:42.3,46.23 4 0
github.com/kushal-sharma-works/aevum-platform/services/event-timeline/internal/api/middleware/ratelimit.go:46.23,51.4 4 0
github.com/kushal-sharma-works/aevum-platform/services/event-timeline/internal/api/middleware/ratelimit.go:52.3,52.11 1 0
github.com/kushal-sharma-works/aevum-platform/services/event-timeline/internal/api/middleware/recovery.go:11.52,12.64 1 0
github.com/kushal-sharma-works/aevum-platform/services/event-timeline/internal/api/middleware/recovery.go:12.64,15.3 2 0
github.com/kushal-sharma-works/aevum-platform/services/event-timeline/internal/api/middleware/request_id.go:10.34,11.30 1 0
github.com/kushal-sharma-works/aevum-platform/services/event-timeline/internal/api/middleware/request_id.go:11.30,13.22 2 0
github.com/kushal-sharma-works/aevum-platform/services/event-timeline/internal/api/middleware/request_id.go:13.22,15.4 1 0
github.com/kushal-sharma-works/aevum-platform/services/event-timeline/internal/api/middleware/request_id.go:16.3,18.11 3 0
github.com/kushal-sharma-works/aevum-platform/services/event-timeline/internal/config/config.go:22.29,35.25 2 0
github.com/kushal-sharma-works/aevum-platform/services/event-timeline/internal/config/config.go:35.25,37.3 1 0
github.com/kushal-sharma-works/aevum-platform/services/event-timeline/internal/config/config.go:38.2,38.43 1 0
github.com/kushal-sharma-works/aevum-platform/services/event-timeline/internal/config/config.go:38.43,40.3 1 0
github.com/kushal-sharma-works/aevum-platform/services/event-timeline/internal/config/config.go:41.2,41.57 1 0
github.com/kushal-sharma-works/aevum-platform/services/event-timeline/internal/config/config.go:41.57,43.3 1 0
github.com/kushal-sharma-works/aevum-platform/services/event-timeline/internal/config/config.go:44.2,44.27 1 0
github.com/kushal-sharma-works/aevum-platform/services/event-timeline/internal/config/config.go:44.27,46.3 1 0
github.com/kushal-sharma-works/aevum-platform/services/event-timeline/internal/config/config.go:47.2,47.28 1 0
github.com/kushal-sharma-works/aevum-platform/services/event-timeline/internal/config/config.go:47.28,49.3 1 0
github.com/kushal-sharma-works/aevum-platform/services/event-timeline/internal/config/config.go:50.2,50.17 1 0
github.com/kushal-sharma-works/aevum-platform/services/event-timeline/internal/config/config.go:53.42,55.13 2 0
github.com/kushal-sharma-works/aevum-platform/services/event-timeline/internal/config/config.go:55.13,57.3 1 0
github.com/kushal-sharma-works/aevum-platform/services/event-timeline/internal/config/config.go:58.2,58.10 1 0
github.com/kushal-sharma-works/aevum-platform/services/event-timeline/internal/config/config.go:61.46,63.13 2 0
github.com/kushal-sharma-works/aevum-platform/services/event-timeline/internal/config/config.go:63.13,65.3 1 0
github.com/kushal-sharma-works/aevum-platform/services/event-timeline/internal/config/config.go:66.2,67.16 2 0
github.com/kushal-sharma-works/aevum-platform/services/event-timeline/internal/config/config.go:67.16,69.3 1 0
github.com/kushal-sharma-works/aevum-platform/services/event-timeline/internal/config/config.go:70.2,70.15 1 0
github.com/kushal-sharma-works/aevum-platform/services/event-timeline/internal/domain/cursor.go:21.33,24.2 2 0
github.com/kushal-sharma-works/aevum-platform/services/event-timeline/internal/domain/cursor.go:26.45,28.16 2 0
github.com/kushal-sharma-works/aevum-platform/services/event-timeline/internal/domain/cursor.go:28.16,30.3 1 0
github.com/kushal-sharma-works/aevum-platform/services/event-timeline/internal/domain/cursor.go:31.2,32.21 2 0
github.com/kushal-sharma-works/aevum-platform/services/event-timeline/internal/domain/cursor.go:32.21,34.3 1 0
github.com/kushal-sharma-works/aevum-platform/services/event-timeline/internal/domain/cursor.go:35.2,36.16 2 0
github.com/kushal-sharma-works/aevum-platform/services/event-timeline/internal/domain/cursor.go:36.16,38.3 1 0
github.com/kushal-sharma-works/aevum-platform/services/event-timeline/internal/domain/cursor.go:39.2,39.67 1 0
github.com/kushal-sharma-works/aevum-platform/services/event-timeline/internal/domain/cursor.go:39.67,41.3 1 0
github.com/kushal-sharma-works/aevum-platform/services/event-timeline/internal/domain/cursor.go:42.2,42.76 1 0
github.com/kushal-sharma-works/aevum-platform/services/event-timeline/internal/domain/event.go:36.48,37.115 1 0
github.com/kushal-sharma-works/aevum-platform/services/event-timeline/internal/domain/event.go:37.115,39.3 1 0
github.com/kushal-sharma-works/aevum-platform/services/event-timeline/internal/domain/event.go:40.2,40.27 1 0
github.com/kushal-sharma-works/aevum-platform/services/event-timeline/internal/domain/event.go:40.27,42.3 1 0
github.com/kushal-sharma-works/aevum-platform/services/event-timeline/internal/domain/event.go:43.2,55.8 1 0
github.com/kushal-sharma-works/aevum-platform/services/event-timeline/internal/ingest/idempotency.go:15.74,17.2 1 0
github.com/kushal-sharma-works/aevum-platform/services/event-timeline/internal/ingest/idempotency.go:19.104,20.15 1 0
github.com/kushal-sharma-works/aevum-platform/services/event-timeline/internal/ingest/idempotency.go:20.15,22.3 1 0
github.com/kushal-sharma-works/aevum-platform/services/event-timeline/internal/ingest/idempotency.go:23.2,24.16 2 0
github.com/kushal-sharma-works/aevum-platform/services/event-timeline/internal/ingest/idempotency.go:24.16,25.41 1 0
github.com/kushal-sharma-works/aevum-platform/services/event-timeline/internal/ingest/idempotency.go:25.41,27.4 1 0
github.com/kushal-sharma-works/aevum-platform/services/event-timeline/internal/ingest/idempotency.go:28.3,28.36 1 0
github.com/kushal-sharma-works/aevum-platform/services/event-timeline/internal/ingest/idempotency.go:30.2,30.25 1 0
github.com/kushal-sharma-works/aevum-platform/services/event-timeline/internal/ingest/service.go:24.138,32.2 1 0
github.com/kushal-sharma-works/aevum-platform/services/event-timeline/internal/ingest/service.go:34.90,36.47 2 0
github.com/kushal-sharma-works/aevum-platform/services/event-timeline/internal/ingest/service.go:36.47,39.3 2 0
github.com/kushal-sharma-works/aevum-platform/services/event-timeline/internal/ingest/service.go:40.2,40.89 1 0
github.com/kushal-sharma-works/aevum-platform/services/event-timeline/internal/ingest/service.go:40.89,42.3 1 0
github.com/kushal-sharma-works/aevum-platform/services/event-timeline/internal/ingest/service.go:42.8,42.15 1 0
github.com/kushal-sharma-works/aevum-platform/services/event-timeline/internal/ingest/service.go:42.15,46.3 3 0
github.com/kushal-sharma-works/aevum-platform/services/event-timeline/internal/ingest/service.go:48.2,49.16 2 0
github.com/kushal-sharma-works/aevum-platform/services/event-timeline/internal/ingest/service.go:49.16,51.3 1 0
github.com/kushal-sharma-works/aevum-platform/services/event-timeline/internal/ingest/service.go:53.2,53.43 1 0
github.com/kushal-sharma-works/aevum-platform/services/event-timeline/internal/ingest/service.go:53.43,55.17 2 0
github.com/kushal-sharma-works/aevum-platform/services/event-timeline/internal/ingest/service.go:55.17,57.4 1 0
github.com/kushal-sharma-works/aevum-platform/services/event-timeline/internal/ingest/service.go:58.3,70.17 2 0
github.com/kushal-sharma-works/aevum-platform/services/event-timeline/internal/ingest/service.go:70.17,72.4 1 0
github.com/kushal-sharma-works/aevum-platform/services/event-timeline/internal/ingest/service.go:73.3,74.17 2 0
github.com/kushal-sharma-works/aevum-platform/services/event-timeline/internal/ingest/service.go:74.17,78.4 3 0
github.com/kushal-sharma-works/aevum-platform/services/event-timeline/internal/ingest/service.go:79.3,79.49 1 0
github.com/kushal-sharma-works/aevum-platform/services/event-timeline/internal/ingest/service.go:79.49,81.12 2 0
github.com/kushal-sharma-works/aevum-platform/services/event-timeline/internal/ingest/service.go:83.3,83.69 1 0
github.com/kushal-sharma-works/aevum-platform/services/event-timeline/internal/ingest/service.go:85.2,85.89 1 0
github.com/kushal-sharma-works/aevum-platform/services/event-timeline/internal/ingest/service.go:95.87,97.28 2 0
github.com/kushal-sharma-works/aevum-platform/services/event-timeline/internal/ingest/service.go:97.28,98.48 1 0
github.com/kushal-sharma-works/aevum-platform/services/event-timeline/internal/ingest/service.go:98.48,100.4 1 0
github.com/kushal-sharma-works/aevum-platform/services/event-timeline/internal/ingest/service.go:102.2,102.28 1 0
github.com/kushal-sharma-works/aevum-platform/services/event-timeline/internal/ingest/service.go:102.28,104.17 2 0
github.com/kushal-sharma-works/aevum-platform/services/event-timeline/internal/ingest/service.go:104.17,106.12 2 0
github.com/kushal-sharma-works/aevum-platform/services/event-timeline/internal/ingest/service.go:108.3,109.14 2 0
github.com/kushal-sharma-works/aevum-platform/services/event-timeline/internal/ingest/service.go:109.14,111.4 1 0
github.com/kushal-sharma-works/aevum-platform/services/event-timeline/internal/ingest/service.go:112.3,112.89 1 0
github.com/kushal-sharma-works/aevum-platform/services/event-timeline/internal/ingest/service.go:114.2,114.16 1 0
github.com/kushal-sharma-works/aevum-platform/services/event-timeline/internal/ingest/validator.go:21.46,22.95 1 0
github.com/kushal-sharma-works/aevum-platform/services/event-timeline/internal/ingest/validator.go:22.95,24.3 1 0
github.com/kushal-sharma-works/aevum-platform/services/event-timeline/internal/ingest/validator.go:25.2,25.12 1 0
github.com/kushal-sharma-works/aevum-platform/services/event-timeline/internal/observability/logger.go:10.43,12.32 2 0
github.com/kushal-sharma-works/aevum-platform/services/event-timeline/internal/observability/logger.go:13.15,14.30 1 0
github.com/kushal-sharma-works/aevum-platform/services/event-timeline/internal/observability/logger.go:15.14,16.29 1 0
github.com/kushal-sharma-works/aevum-platform/services/event-timeline/internal/observability/logger.go:17.15,18.30 1 0
github.com/kushal-sharma-works/aevum-platform/services/event-timeline/internal/observability/logger.go:19.10,20.29 1 0
github.com/kushal-sharma-works/aevum-platform/services/event-timeline/internal/observability/logger.go:22.2,23.20 2 0
github.com/kushal-sharma-works/aevum-platform/services/event-timeline/internal/observability/metrics.go:16.28,59.2 4 0
github.com/kushal-sharma-works/aevum-platform/services/event-timeline/internal/observability/metrics.go:61.68,63.2 1 0
github.com/kushal-sharma-works/aevum-platform/services/event-timeline/internal/observability/metrics.go:65.61,67.2 1 0
github.com/kushal-sharma-works/aevum-platform/services/event-timeline/internal/observability/metrics.go:69.58,71.2 1 0
github.com/kushal-sharma-works/aevum-platform/services/event-timeline/internal/observability/middleware.go:10.56,12.2 1 0
github.com/kushal-sharma-works/aevum-platform/services/event-timeline/internal/observability/middleware.go:14.61,16.2 1 0
github.com/kushal-sharma-works/aevum-platform/services/event-timeline/internal/observability/tracing.go:15.97,17.16 2 0
github.com/kushal-sharma-works/aevum-platform/services/event-timeline/internal/observability/tracing.go:17.16,19.3 1 0
github.com/kushal-sharma-works/aevum-platform/services/event-timeline/internal/observability/tracing.go:20.2,28.16 3 0
github.com/kushal-sharma-works/aevum-platform/services/event-timeline/internal/replay/engine.go:17.87,19.2 1 0
github.com/kushal-sharma-works/aevum-platform/services/event-timeline/internal/replay/engine.go:21.108,28.12 6 0
github.com/kushal-sharma-works/aevum-platform/services/event-timeline/internal/replay/engine.go:28.12,35.7 6 0
github.com/kushal-sharma-works/aevum-platform/services/event-timeline/internal/replay/engine.go:35.7,36.11 1 0
github.com/kushal-sharma-works/aevum-platform/services/event-timeline/internal/replay/engine.go:37.22,38.11 1 0
github.com/kushal-sharma-works/aevum-platform/services/event-timeline/internal/replay/engine.go:39.12,39.12 0 0
github.com/kushal-sharma-works/aevum-platform/services/event-timeline/internal/replay/engine.go:42.4,43.18 2 0
github.com/kushal-sharma-works/aevum-platform/services/event-timeline/internal/replay/engine.go:43.18,46.5 2 0
github.com/kushal-sharma-works/aevum-platform/services/event-timeline/internal/replay/engine.go:47.4,47.33 1 0
github.com/kushal-sharma-works/aevum-platform/services/event-timeline/internal/replay/engine.go:47.33,48.93 1 0
github.com/kushal-sharma-works/aevum-platform/services/event-timeline/internal/replay/engine.go:48.93,49.14 1 0
github.com/kushal-sharma-works/aevum-platform/services/event-timeline/internal/replay/engine.go:51.5,51.12 1 0
github.com/kushal-sharma-works/aevum-platform/services/event-timeline/internal/replay/engine.go:52.23,53.12 1 0
github.com/kushal-sharma-works/aevum-platform/services/event-timeline/internal/replay/engine.go:54.28,55.39 1 0
github.com/kushal-sharma-works/aevum-platform/services/event-timeline/internal/replay/engine.go:58.4,58.16 1 0
github.com/kushal-sharma-works/aevum-platform/services/event-timeline/internal/replay/engine.go:58.16,60.5 1 0
github.com/kushal-sharma-works/aevum-platform/services/event-timeline/internal/replay/engine.go:61.4,61.22 1 0
github.com/kushal-sharma-works/aevum-platform/services/event-timeline/internal/replay/engine.go:65.2,65.24 1 0
github.com/kushal-sharma-works/aevum-platform/services/event-timeline/internal/replay/engine.go:68.68,69.53 1 0
github.com/kushal-sharma-works/aevum-platform/services/event-timeline/internal/replay/engine.go:69.53,71.3 1 0
github.com/kushal-sharma-works/aevum-platform/services/event-timeline/internal/replay/engine.go:72.2,72.48 1 0
github.com/kushal-sharma-works/aevum-platform/services/event-timeline/internal/replay/engine.go:72.48,74.3 1 0
github.com/kushal-sharma-works/aevum-platform/services/event-timeline/internal/replay/engine.go:75.2,75.13 1 0
github.com/kushal-sharma-works/aevum-platform/services/event-timeline/internal/replay/engine.go:78.72,79.23 1 0
github.com/kushal-sharma-works/aevum-platform/services/event-timeline/internal/replay/engine.go:79.23,81.3 1 0
github.com/kushal-sharma-works/aevum-platform/services/event-timeline/internal/replay/engine.go:82.2,83.11 2 0
github.com/kushal-sharma-works/aevum-platform/services/event-timeline/internal/replay/options.go:12.82,14.31 2 0
github.com/kushal-sharma-works/aevum-platform/services/event-timeline/internal/replay/options.go:14.31,16.3 1 0
github.com/kushal-sharma-works/aevum-platform/services/event-timeline/internal/replay/options.go:17.2,17.19 1 0
github.com/kushal-sharma-works/aevum-platform/services/event-timeline/internal/replay/options.go:17.19,19.3 1 0
github.com/kushal-sharma-works/aevum-platform/services/event-timeline/internal/replay/options.go:20.2,20.77 1 0
github.com/kushal-sharma-works/aevum-platform/services/event-timeline/internal/replay/streamer.go:5.57,7.28 2 0
github.com/kushal-sharma-works/aevum-platform/services/event-timeline/internal/replay/streamer.go:7.28,9.3 1 0
github.com/kushal-sharma-works/aevum-platform/services/event-timeline/internal/replay/streamer.go:10.2,10.18 1 0
github.com/kushal-sharma-works/aevum-platform/services/event-timeline/internal/storage/dynamodb_event_store.go:22.91,24.2 1 0
github.com/kushal-sharma-works/aevum-platform/services/event-timeline/internal/storage/dynamodb_event_store.go:26.86,28.16 2 0
github.com/kushal-sharma-works/aevum-platform/services/event-timeline/internal/storage/dynamodb_event_store.go:28.16,30.3 1 0
github.com/kushal-sharma-works/aevum-platform/services/event-timeline/internal/storage/dynamodb_event_store.go:31.2,36.16 2 0
github.com/kushal-sharma-works/aevum-platform/services/event-timeline/internal/storage/dynamodb_event_store.go:36.16,38.27 2 0
github.com/kushal-sharma-works/aevum-platform/services/event-timeline/internal/storage/dynamodb_event_store.go:38.27,40.4 1 0
github.com/kushal-sharma-works/aevum-platform/services/event-timeline/internal/storage/dynamodb_event_store.go:41.3,41.42 1 0
github.com/kushal-sharma-works/aevum-platform/services/event-timeline/internal/storage/dynamodb_event_store.go:43.2,43.12 1 0
github.com/kushal-sharma-works/aevum-platform/services/event-timeline/internal/storage/dynamodb_event_store.go:46.95,47.22 1 0
github.com/kushal-sharma-works/aevum-platform/services/event-timeline/internal/storage/dynamodb_event_store.go:47.22,49.3 1 0
github.com/kushal-sharma-works/aevum-platform/services/event-timeline/internal/storage/dynamodb_event_store.go:50.2,51.31 2 0
github.com/kushal-sharma-works/aevum-platform/services/event-timeline/internal/storage/dynamodb_event_store.go:51.31,53.17 2 0
github.com/kushal-sharma-works/aevum-platform/services/event-timeline/internal/storage/dynamodb_event_store.go:53.17,55.4 1 0
github.com/kushal-sharma-works/aevum-platform/services/event-timeline/internal/storage/dynamodb_event_store.go:56.3,56.87 1 0
github.com/kushal-sharma-works/aevum-platform/services/event-timeline/internal/storage/dynamodb_event_store.go:58.2,61.16 2 0
github.com/kushal-sharma-works/aevum-platform/services/event-timeline/internal/storage/dynamodb_event_store.go:61.16,63.3 1 0
github.com/kushal-sharma-works/aevum-platform/services/event-timeline/internal/storage/dynamodb_event_store.go:64.2,64.12 1 0
github.com/kushal-sharma-works/aevum-platform/services/event-timeline/internal/storage/dynamodb_event_store.go:67.102,76.16 2 0
github.com/kushal-sharma-works/aevum-platform/services/event-timeline/internal/storage/dynamodb_event_store.go:76.16,78.3 1 0
github.com/kushal-sharma-works/aevum-platform/services/event-timeline/internal/storage/dynamodb_event_store.go:79.2,79.26 1 0
github.com/kushal-sharma-works/aevum-platform/services/event-timeline/internal/storage/dynamodb_event_store.go:79.26,81.3 1 0
github.com/kushal-sharma-works/aevum-platform/services/event-timeline/internal/storage/dynamodb_event_store.go:82.2,83.75 2 0
github.com/kushal-sharma-works/aevum-platform/services/event-timeline/internal/storage/dynamodb_event_store.go:83.75,85.3 1 0
github.com/kushal-sharma-works/aevum-platform/services/event-timeline/internal/storage/dynamodb_event_store.go:86.2,86.19 1 0
github.com/kushal-sharma-works/aevum-platform/services/event-timeline/internal/storage/dynamodb_event_store.go:89.106,99.16 2 0
github.com/kushal-sharma-works/aevum-platform/services/event-timeline/internal/storage/dynamodb_event_store.go:99.16,101.3 1 0
github.com/kushal-sharma-works/aevum-platform/services/event-timeline/internal/storage/dynamodb_event_store.go:102.2,102.26 1 0
github.com/kushal-sharma-works/aevum-platform/services/event-timeline/internal/storage/dynamodb_event_store.go:102.26,104.3 1 0
github.com/kushal-sharma-works/aevum-platform/services/event-timeline/internal/storage/dynamodb_event_store.go:105.2,106.75 2 0
github.com/kushal-sharma-works/aevum-platform/services/event-timeline/internal/storage/dynamodb_event_store.go:106.75,108.3 1 0
github.com/kushal-sharma-works/aevum-platform/services/event-timeline/internal/storage/dynamodb_event_store.go:109.2,109.19 1 0
github.com/kushal-sharma-works/aevum-platform/services/event-timeline/internal/storage/dynamodb_event_store.go:112.101,123.16 2 0
github.com/kushal-sharma-works/aevum-platform/services/event-timeline/internal/storage/dynamodb_event_store.go:123.16,125.3 1 0
github.com/kushal-sharma-works/aevum-platform/services/event-timeline/internal/storage/dynamodb_event_store.go:126.2,126.26 1 0
github.com/kushal-sharma-works/aevum-platform/services/event-timeline/internal/storage/dynamodb_event_store.go:126.26,128.3 1 0
github.com/kushal-sharma-works/aevum-platform/services/event-timeline/internal/storage/dynamodb_event_store.go:129.2,130.75 2 0
github.com/kushal-sharma-works/aevum-platform/services/event-timeline/internal/storage/dynamodb_event_store.go:130.75,132.3 1 0
github.com/kushal-sharma-works/aevum-platform/services/event-timeline/internal/storage/dynamodb_event_store.go:133.2,133.34 1 0
github.com/kushal-sharma-works/aevum-platform/services/event-timeline/internal/storage/dynamodb_event_store.go:136.170,137.16 1 0
github.com/kushal-sharma-works/aevum-platform/services/event-timeline/internal/storage/dynamodb_event_store.go:137.16,139.3 1 0
github.com/kushal-sharma-works/aevum-platform/services/event-timeline/internal/storage/dynamodb_event_store.go:140.2,142.18 3 0
github.com/kushal-sharma-works/aevum-platform/services/event-timeline/internal/storage/dynamodb_event_store.go:142.18,144.3 1 0
github.com/kushal-sharma-works/aevum-platform/services/event-timeline/internal/storage/dynamodb_event_store.go:145.2,156.16 2 0
github.com/kushal-sharma-works/aevum-platform/services/event-timeline/internal/storage/dynamodb_event_store.go:156.16,158.3 1 0
github.com/kushal-sharma-works/aevum-platform/services/event-timeline/internal/storage/dynamodb_event_store.go:159.2,160.34 2 0
github.com/kushal-sharma-works/aevum-platform/services/event-timeline/internal/storage/dynamodb_event_store.go:160.34,162.67 2 0
github.com/kushal-sharma-works/aevum-platform/services/event-timeline/internal/storage/dynamodb_event_store.go:162.67,164.4 1 0
github.com/kushal-sharma-works/aevum-platform/services/event-timeline/internal/storage/dynamodb_event_store.go:165.3,165.33 1 0
github.com/kushal-sharma-works/aevum-platform/services/event-timeline/internal/storage/dynamodb_event_store.go:167.2,168.21 2 0
github.com/kushal-sharma-works/aevum-platform/services/event-timeline/internal/storage/dynamodb_event_store.go:168.21,170.18 2 0
github.com/kushal-sharma-works/aevum-platform/services/event-timeline/internal/storage/dynamodb_event_store.go:170.18,172.4 1 0
github.com/kushal-sharma-works/aevum-platform/services/event-timeline/internal/storage/dynamodb_event_store.go:172.9,174.4 1 0
github.com/kushal-sharma-works/aevum-platform/services/event-timeline/internal/storage/dynamodb_event_store.go:176.2,176.61 1 0
github.com/kushal-sharma-works/aevum-platform/services/event-timeline/internal/storage/dynamodb_stream_store.go:19.93,21.2 1 0
github.com/kushal-sharma-works/aevum-platform/services/event-timeline/internal/storage/dynamodb_stream_store.go:23.102,24.16 1 0
github.com/kushal-sharma-works/aevum-platform/services/event-timeline/internal/storage/dynamodb_stream_store.go:24.16,26.3 1 0
github.com/kushal-sharma-works/aevum-platform/services/event-timeline/internal/storage/dynamodb_stream_store.go:27.2,32.16 2 0
github.com/kushal-sharma-works/aevum-platform/services/event-timeline/internal/storage/dynamodb_stream_store.go:32.16,34.3 1 0
github.com/kushal-sharma-works/aevum-platform/services/event-timeline/internal/storage/dynamodb_stream_store.go:35.2,36.34 2 0
github.com/kushal-sharma-works/aevum-platform/services/event-timeline/internal/storage/dynamodb_stream_store.go:36.34,38.10 2 0
github.com/kushal-sharma-works/aevum-platform/services/event-timeline/internal/storage/dynamodb_stream_store.go:38.10,39.12 1 0
github.com/kushal-sharma-works/aevum-platform/services/event-timeline/internal/storage/dynamodb_stream_store.go:41.3,42.10 2 0
github.com/kushal-sharma-works/aevum-platform/services/event-timeline/internal/storage/dynamodb_stream_store.go:42.10,43.12 1 0
github.com/kushal-sharma-works/aevum-platform/services/event-timeline/internal/storage/dynamodb_stream_store.go:45.3,47.35 3 0
github.com/kushal-sharma-works/aevum-platform/services/event-timeline/internal/storage/dynamodb_stream_store.go:47.35,49.4 1 0
github.com/kushal-sharma-works/aevum-platform/services/event-timeline/internal/storage/dynamodb_stream_store.go:51.2,52.31 2 0
github.com/kushal-sharma-works/aevum-platform/services/event-timeline/internal/storage/dynamodb_stream_store.go:52.31,54.3 1 0
github.com/kushal-sharma-works/aevum-platform/services/event-timeline/internal/storage/dynamodb_stream_store.go:55.2,55.21 1 0
github.com/kushal-sharma-works/aevum-platform/services/event-timeline/pkg/clock/clock.go:11.34,13.2 1 0
github.com/kushal-sharma-works/aevum-platform/services/event-timeline/pkg/clock/clock.go:19.36,21.2 1 0
github.com/kushal-sharma-works/aevum-platform/services/event-timeline/pkg/identifier/id.go:19.40,21.2 1 0
github.com/kushal-sharma-works/aevum-platform/services/event-timeline/pkg/identifier/id.go:23.58,25.16 2 0
github.com/kushal-sharma-works/aevum-platform/services/event-timeline/pkg/identifier/id.go:25.16,27.3 1 0
github.com/kushal-sharma-works/aevum-platform/services/event-timeline/pkg/identifier/id.go:28.2,28.25 1 0
github.com/kushal-sharma-works/aevum-platform/services/event-timeline/pkg/jsonutil/json.go:5.32,7.16 2 0
github.com/kushal-sharma-works/aevum-platform/services/event-timeline/pkg/jsonutil/json.go:7.16,8.13 1 0
github.com/kushal-sharma-works/aevum-platform/services/event-timeline/pkg/jsonutil/json.go:10.2,10.10 1 0
github.com/kushal-sharma-works/aevum-platform/services/event-timeline/pkg/jsonutil/json.go:13.44,15.2 1 0
github.com/kushal-sharma-works/aevum-platform/services/event-timeline/tests/integration/testhelpers/dynamodb.go:8.65,12.2 3 0
github.com/kushal-sharma-works/aevum-platform/services/event-timeline/tests/integration/testhelpers/fixtures.go:10.87,17.2 1 0
